This is XeTeX, Version 3.14159265-2.6-0.99996 (TeX Live 2016/Debian) (preloaded format=xelatex 2018.9.4)  26 DEC 2018 00:56
entering extended mode
 restricted \write18 enabled.
 %&-line parsing enabled.
**IOPLaTeXGuidelines.tex
(./IOPLaTeXGuidelines.tex
LaTeX2e <2017/01/01> patch level 3
Babel <3.9r> and hyphenation patterns for 26 language(s) loaded.
(./iopart.cls
Document Class: iopart 1996/06/10 v0.0 IOP Journals LaTeX article class
(./iopart12.clo
File: iopart12.clo 1997/01/15 v1.0 LaTeX2e file (size option)
)
\c@jnl=\count79
\c@section=\count80
\c@subsection=\count81
\c@subsubsection=\count82
\c@paragraph=\count83
\c@subparagraph=\count84
\c@figure=\count85
\c@table=\count86
\abovecaptionskip=\skip41
\belowcaptionskip=\skip42
\indentedwidth=\skip43
\mathindent=\dimen102
\c@eqnval=\count87
) (./IOPLaTeXGuidelines.aux)
\openout1 = `IOPLaTeXGuidelines.aux'.

LaTeX Font Info:    Checking defaults for OML/cmm/m/it on input line 46.
LaTeX Font Info:    ... okay on input line 46.
LaTeX Font Info:    Checking defaults for T1/cmr/m/n on input line 46.
LaTeX Font Info:    ... okay on input line 46.
LaTeX Font Info:    Checking defaults for OT1/cmr/m/n on input line 46.
LaTeX Font Info:    ... okay on input line 46.
LaTeX Font Info:    Checking defaults for OMS/cmsy/m/n on input line 46.
LaTeX Font Info:    ... okay on input line 46.
LaTeX Font Info:    Checking defaults for TU/lmr/m/n on input line 46.
LaTeX Font Info:    ... okay on input line 46.
LaTeX Font Info:    Checking defaults for OMX/cmex/m/n on input line 46.
LaTeX Font Info:    ... okay on input line 46.
LaTeX Font Info:    Checking defaults for U/cmr/m/n on input line 46.
LaTeX Font Info:    ... okay on input line 46.
LaTeX Font Info:    External font `cmex10' loaded for size
(Font)              <17.28> on input line 49.
LaTeX Font Info:    External font `cmex10' loaded for size
(Font)              <12> on input line 49.
LaTeX Font Info:    External font `cmex10' loaded for size
(Font)              <7> on input line 61.
LaTeX Font Info:    External font `cmex10' loaded for size
(Font)              <5> on input line 61.
LaTeX Font Info:    External font `cmex10' loaded for size
(Font)              <8> on input line 96.
LaTeX Font Info:    External font `cmex10' loaded for size
(Font)              <6> on input line 96.
 [1

] [2] [3]
Underfull \hbox (badness 4403) in paragraph at lines 203--208
[]\TU/lmr/m/n/12 For the numerical (Vancouver) reference style we recommend tha
t au-
 []


Underfull \hbox (badness 6542) in paragraph at lines 203--208
\TU/lmr/m/n/12 thors use []\TU/lmtt/m/n/12 unsrt.bst\TU/lmr/m/n/12 ; this does 
not quite follow the style of pub-
 []


Underfull \hbox (badness 1642) in paragraph at lines 203--208
\TU/lmr/m/n/12 lished articles in our journals but this is not a problem. Alter
natively
 []


Underfull \hbox (badness 3271) in paragraph at lines 203--208
\TU/lmr/m/n/12 closely matches that in published articles. The file is availabl
e from
 []


Underfull \hbox (badness 4229) in paragraph at lines 208--217
\TU/lmr/m/n/12 the []\TU/lmtt/m/n/12 harvard.sty \TU/lmr/m/n/12 in conjunction 
with the []\TU/lmtt/m/n/12 jphysicsB.bst \TU/lmr/m/n/12 BibTeX style
 []


Underfull \hbox (badness 1048) in paragraph at lines 208--217
\TU/lmr/m/n/12 file. These, and accompanying documentation, can be downloaded f
rom 
 []

[4] [5] [6]
Underfull \hbox (badness 2582) in paragraph at lines 337--350
[]\TU/lmr/m/n/12 For article types other than papers, []\TU/lmtt/m/n/12 iopart.
cls \TU/lmr/m/n/12 has a generic heading
 []

[7] [8] [9] [10] [11]
Underfull \hbox (badness 10000) in alignment at lines 645--658
[] [] [] [][][][][][][][][][][][][]
 []

[12] [13]
Underfull \hbox (badness 1975) in paragraph at lines 742--747
[]\TU/lmr/m/n/12 Sometimes it is useful to number equations as parts of the sam
e basic
 []

[14]
Underfull \hbox (badness 2318) in paragraph at lines 759--761
[]\TU/lmr/m/n/12 Equation labels within the []\TU/lmtt/m/n/12 \eqnarray \TU/lmr
/m/n/12 environment will be referenced as
 []

[15] [16] [17] [18] [19]
Underfull \hbox (badness 1087) in paragraph at lines 1083--1083
[]\TU/lmr/bx/n/10 Table 4. []\TU/lmr/m/n/10 Alternatives to the normal referenc
es command $\OMS/cmsy/m/n/10 n$\TU/lmtt/m/n/10 ref \TU/lmr/m/n/10 available in
 []

[20] [21] [22] [23]
Underfull \hbox (badness 3039) in paragraph at lines 1274--1279
[]\TU/lmr/m/n/12 For more detail about graphics inclusion see the documentation
 of the
 []


Underfull \hbox (badness 2165) in paragraph at lines 1274--1279
[]\TU/lmtt/m/n/12 graphicx \TU/lmr/m/n/12 package, refer to one of the books on
 L[]T[]X, e.g. Goosens M,
 []

[24] [25] [26

]
Underfull \vbox (badness 10000) has occurred while \output is active []

 [27]
[28


]
Overfull \hbox (2.6601pt too wide) in paragraph at lines 1508--1532
[][] 
 []

[29

] [30

] (./IOPLaTeXGuidelines.aux) )
(\end occurred inside a group at level 1)

### simple group (level 1) entered at line 1278 ({)
### bottom level 
Here is how much of TeX's memory you used:
 605 strings out of 494579
 5366 string characters out of 6167474
 71213 words of memory out of 5000000
 4481 multiletter control sequences out of 15000+600000
 12839 words of font info for 59 fonts, out of 8000000 for 9000
 286 hyphenation exceptions out of 8191
 22i,13n,19p,804b,449s stack positions out of 5000i,500n,10000p,200000b,80000s

Output written on IOPLaTeXGuidelines.pdf (30 pages).
