This is pdfTeX, Version 3.14159265-2.6-1.40.18 (MiKTeX 2.9.6350) (preloaded format=pdflatex 2017.11.27)  17 JAN 2019 15:06
entering extended mode
**./draft23.tex
(draft23.tex
LaTeX2e <2017-04-15>
Babel <3.10> and hyphenation patterns for 1 language(s) loaded.
(iopart.cls
Document Class: iopart 1996/06/10 v0.0 IOP Journals LaTeX article class
(iopart12.clo
File: iopart12.clo 1997/01/15 v1.0 LaTeX2e file (size option)
)
\c@jnl=\count79
\c@section=\count80
\c@subsection=\count81
\c@subsubsection=\count82
\c@paragraph=\count83
\c@subparagraph=\count84
\c@figure=\count85
\c@table=\count86
\abovecaptionskip=\skip41
\belowcaptionskip=\skip42
\indentedwidth=\skip43
\mathindent=\dimen102
\c@eqnval=\count87
) (E:\latex\texmfs\install\tex\latex\amsfonts\amsfonts.sty
Package: amsfonts 2013/01/14 v3.01 Basic AMSFonts support
\@emptytoks=\toks14
\symAMSa=\mathgroup4
\symAMSb=\mathgroup5
LaTeX Font Info:    Overwriting math alphabet `\mathfrak' in version `bold'
(Font)                  U/euf/m/n --> U/euf/b/n on input line 106.
)
(E:\latex\texmfs\install\tex\latex\amsfonts\amssymb.sty
Package: amssymb 2013/01/14 v3.01 AMS font symbols
)
(E:\latex\texmfs\install\tex\latex\xcolor\xcolor.sty
Package: xcolor 2016/05/11 v2.12 LaTeX color extensions (UK)

(E:\latex\texmfs\install\tex\latex\graphics-cfg\color.cfg
File: color.cfg 2016/01/02 v1.6 sample color configuration
)
Package xcolor Info: Driver file: pdftex.def on input line 225.

(E:\latex\texmfs\install\tex\latex\graphics-def\pdftex.def
File: pdftex.def 2017/01/12 v0.06k Graphics/color for pdfTeX

(E:\latex\texmfs\install\tex\generic\oberdiek\infwarerr.sty
Package: infwarerr 2016/05/16 v1.4 Providing info/warning/error messages (HO)
)
(E:\latex\texmfs\install\tex\generic\oberdiek\ltxcmds.sty
Package: ltxcmds 2016/05/16 v1.23 LaTeX kernel commands for general use (HO)
)
\Gread@gobject=\count88
)
Package xcolor Info: Model `cmy' substituted by `cmy0' on input line 1348.
Package xcolor Info: Model `hsb' substituted by `rgb' on input line 1352.
Package xcolor Info: Model `RGB' extended on input line 1364.
Package xcolor Info: Model `HTML' substituted by `rgb' on input line 1366.
Package xcolor Info: Model `Hsb' substituted by `hsb' on input line 1367.
Package xcolor Info: Model `tHsb' substituted by `hsb' on input line 1368.
Package xcolor Info: Model `HSB' substituted by `hsb' on input line 1369.
Package xcolor Info: Model `Gray' substituted by `gray' on input line 1370.
Package xcolor Info: Model `wave' substituted by `hsb' on input line 1371.
)
(E:\latex\texmfs\install\tex\latex\colortbl\colortbl.sty
Package: colortbl 2012/02/13 v1.0a Color table columns (DPC)

(E:\latex\texmfs\install\tex\latex\tools\array.sty
Package: array 2016/10/06 v2.4d Tabular extension package (FMi)
\col@sep=\dimen103
\extrarowheight=\dimen104
\NC@list=\toks15
\extratabsurround=\skip44
\backup@length=\skip45


LaTeX Warning: Command \@xhline  has changed.
               Check if current package is valid.

)
\everycr=\toks16
\minrowclearance=\skip46
) (E:\latex\texmfs\install\tex\latex\pdfpages\pdfpages.sty
Package: pdfpages 2017/10/31 v0.5l Insert pages of external PDF documents (AM)

(E:\latex\texmfs\install\tex\latex\base\ifthen.sty
Package: ifthen 2014/09/29 v1.1c Standard LaTeX ifthen package (DPC)
)
(E:\latex\texmfs\install\tex\latex\tools\calc.sty
Package: calc 2014/10/28 v4.3 Infix arithmetic (KKT,FJ)
\calc@Acount=\count89
\calc@Bcount=\count90
\calc@Adimen=\dimen105
\calc@Bdimen=\dimen106
\calc@Askip=\skip47
\calc@Bskip=\skip48
LaTeX Info: Redefining \setlength on input line 80.
LaTeX Info: Redefining \addtolength on input line 81.
\calc@Ccount=\count91
\calc@Cskip=\skip49
)
(E:\latex\texmfs\install\tex\latex\eso-pic\eso-pic.sty
Package: eso-pic 2015/07/21 v2.0g eso-pic (RN)

(E:\latex\texmfs\install\tex\generic\oberdiek\atbegshi.sty
Package: atbegshi 2016/06/09 v1.18 At begin shipout hook (HO)

(E:\latex\texmfs\install\tex\generic\oberdiek\ifpdf.sty
Package: ifpdf 2017/03/15 v3.2 Provides the ifpdf switch
))
(E:\latex\texmfs\install\tex\latex\graphics\keyval.sty
Package: keyval 2014/10/28 v1.15 key=value parser (DPC)
\KV@toks@=\toks17
))
(E:\latex\texmfs\install\tex\latex\graphics\graphicx.sty
Package: graphicx 2014/10/28 v1.0g Enhanced LaTeX Graphics (DPC,SPQR)

(E:\latex\texmfs\install\tex\latex\graphics\graphics.sty
Package: graphics 2017/04/14 v1.1b Standard LaTeX Graphics (DPC,SPQR)

(E:\latex\texmfs\install\tex\latex\graphics\trig.sty
Package: trig 2016/01/03 v1.10 sin cos tan (DPC)
)
(E:\latex\texmfs\install\tex\latex\graphics-cfg\graphics.cfg
File: graphics.cfg 2016/06/04 v1.11 sample graphics configuration
)
Package graphics Info: Driver file: pdftex.def on input line 99.
)
\Gin@req@height=\dimen107
\Gin@req@width=\dimen108
)
\AM@pagewidth=\dimen109
\AM@pageheight=\dimen110

(E:\latex\texmfs\install\tex\latex\pdfpages\pppdftex.def
File: pppdftex.def 2017/10/31 v0.5l Pdfpages driver for pdfTeX (AM)
)
\AM@pagebox=\box26
\AM@global@opts=\toks18
\AM@toc@title=\toks19
\c@AM@survey=\count92
\AM@templatesizebox=\box27
)
(E:\latex\texmfs\install\tex\latex\float\float.sty
Package: float 2001/11/08 v1.3d Float enhancements (AL)
\c@float@type=\count93
\float@exts=\toks20
\float@box=\box28
\@float@everytoks=\toks21
\@floatcapt=\box29
)
(E:\latex\texmfs\install\tex\latex\multirow\multirow.sty
Package: multirow 2016/11/25 v2.2 Span multiple rows of a table
\multirow@colwidth=\skip50
\multirow@cntb=\count94
\multirow@dima=\skip51
\bigstrutjot=\dimen111
)
(E:\latex\texmfs\install\tex\latex\tools\multicol.sty
Package: multicol 2017/04/11 v1.8q multicolumn formatting (FMi)
\c@tracingmulticols=\count95
\mult@box=\box30
\multicol@leftmargin=\dimen112
\c@unbalance=\count96
\c@collectmore=\count97
\doublecol@number=\count98
\multicoltolerance=\count99
\multicolpretolerance=\count100
\full@width=\dimen113
\page@free=\dimen114
\premulticols=\dimen115
\postmulticols=\dimen116
\multicolsep=\skip52
\multicolbaselineskip=\skip53
\partial@page=\box31
\last@line=\box32
\maxbalancingoverflow=\dimen117
\mult@rightbox=\box33
\mult@grightbox=\box34
\mult@gfirstbox=\box35
\mult@firstbox=\box36
\@tempa=\box37
\@tempa=\box38
\@tempa=\box39
\@tempa=\box40
\@tempa=\box41
\@tempa=\box42
\@tempa=\box43
\@tempa=\box44
\@tempa=\box45
\@tempa=\box46
\@tempa=\box47
\@tempa=\box48
\@tempa=\box49
\@tempa=\box50
\@tempa=\box51
\@tempa=\box52
\@tempa=\box53
\c@columnbadness=\count101
\c@finalcolumnbadness=\count102
\last@try=\dimen118
\multicolovershoot=\dimen119
\multicolundershoot=\dimen120
\mult@nat@firstbox=\box54
\colbreak@box=\box55
\mc@col@check@num=\count103
)
(E:\latex\texmfs\install\tex\latex\amsmath\amsbsy.sty
Package: amsbsy 1999/11/29 v1.2d Bold Symbols

(E:\latex\texmfs\install\tex\latex\amsmath\amsgen.sty
File: amsgen.sty 1999/11/30 v2.0 generic functions
\@emptytoks=\toks22
\ex@=\dimen121
)
\pmbraise@=\dimen122
)
(E:\latex\texmfs\install\tex\latex\hyphenat\hyphenat.sty
Package: hyphenat 2009/09/02 v2.3c hyphenation utilities
\langwohyphens=\language2
LaTeX Info: Redefining \_ on input line 43.
)
(E:\latex\texmfs\install\tex\latex\mdwtools\footnote.sty
Package: footnote 1997/01/28 1.13 Save footnotes around boxes
\fn@notes=\box56
\fn@width=\dimen123
)
(E:\latex\texmfs\install\tex\latex\tools\tabularx.sty
Package: tabularx 2016/02/03 v2.11 `tabularx' package (DPC)
\TX@col@width=\dimen124
\TX@old@table=\dimen125
\TX@old@col=\dimen126
\TX@target=\dimen127
\TX@delta=\dimen128
\TX@cols=\count104
\TX@ftn=\toks23
)
(E:\latex\texmfs\install\tex\latex\oberdiek\epstopdf.sty
Package: epstopdf 2016/05/15 v2.6 Conversion with epstopdf on the fly (HO)

(E:\latex\texmfs\install\tex\latex\oberdiek\epstopdf-base.sty
Package: epstopdf-base 2016/05/15 v2.6 Base part for package epstopdf

(E:\latex\texmfs\install\tex\latex\oberdiek\grfext.sty
Package: grfext 2016/05/16 v1.2 Manage graphics extensions (HO)

(E:\latex\texmfs\install\tex\generic\oberdiek\kvdefinekeys.sty
Package: kvdefinekeys 2016/05/16 v1.4 Define keys (HO)
))
(E:\latex\texmfs\install\tex\latex\oberdiek\kvoptions.sty
Package: kvoptions 2016/05/16 v3.12 Key value format for package options (HO)

(E:\latex\texmfs\install\tex\generic\oberdiek\kvsetkeys.sty
Package: kvsetkeys 2016/05/16 v1.17 Key value parser (HO)

(E:\latex\texmfs\install\tex\generic\oberdiek\etexcmds.sty
Package: etexcmds 2016/05/16 v1.6 Avoid name clashes with e-TeX commands (HO)

(E:\latex\texmfs\install\tex\generic\oberdiek\ifluatex.sty
Package: ifluatex 2016/05/16 v1.4 Provides the ifluatex switch (HO)
Package ifluatex Info: LuaTeX not detected.
)
Package etexcmds Info: Could not find \expanded.
(etexcmds)             That can mean that you are not using pdfTeX 1.50 or
(etexcmds)             that some package has redefined \expanded.
(etexcmds)             In the latter case, load this package earlier.
)))
(E:\latex\texmfs\install\tex\generic\oberdiek\pdftexcmds.sty
Package: pdftexcmds 2017/03/19 v0.25 Utility functions of pdfTeX for LuaTeX (HO
)
Package pdftexcmds Info: LuaTeX not detected.
Package pdftexcmds Info: \pdf@primitive is available.
Package pdftexcmds Info: \pdf@ifprimitive is available.
Package pdftexcmds Info: \pdfdraftmode found.
)
Package epstopdf-base Info: Redefining graphics rule for `.eps' on input line 4
38.
Package grfext Info: Graphics extension search list:
(grfext)             [.png,.pdf,.jpg,.mps,.jpeg,.jbig2,.jb2,.PNG,.PDF,.JPG,.JPE
G,.JBIG2,.JB2,.eps]
(grfext)             \AppendGraphicsExtensions on input line 456.
))
(E:\latex\texmfs\install\tex\latex\setspace\setspace.sty
Package: setspace 2011/12/19 v6.7a set line spacing
)
(E:\latex\texmfs\install\tex\latex\jknappen\mathrsfs.sty
Package: mathrsfs 1996/01/01 Math RSFS package v1.0 (jk)
\symrsfs=\mathgroup6
)
(E:\latex\texmfs\install\tex\latex\url\url.sty
\Urlmuskip=\muskip10
Package: url 2013/09/16  ver 3.4  Verb mode for urls, etc.
)
(E:\latex\texmfs\install\tex\generic\babel\babel.sty
Package: babel 2017/05/19 3.10 The Babel package

*************************************
* Local config file bblopts.cfg used
*
(E:\latex\texmfs\install\tex\latex\arabi\bblopts.cfg
File: bblopts.cfg 2005/09/08 v0.1 add Arabic and Farsi to "declared" options of
 babel
)
(E:\latex\texmfs\install\tex\latex\babel-english\english.ldf
Language: english 2017/01/24 v3.3q English support from the babel system

(E:\latex\texmfs\install\tex\generic\babel\babel.def
File: babel.def 2017/05/19 3.10 Babel common definitions
\babel@savecnt=\count105
\U@D=\dimen129
)
\l@british = a dialect from \language\l@english 
\l@UKenglish = a dialect from \language\l@english 
\l@american = a dialect from \language\l@english 
\l@canadian = a dialect from \language\l@american 
\l@australian = a dialect from \language\l@british 
\l@newzealand = a dialect from \language\l@british 
)) (harvard.sty
Package: harvard 
)
(E:\latex\texmfs\install\tex\latex\soul\soul.sty
Package: soul 2003/11/17 v2.4 letterspacing/underlining (mf)
\SOUL@word=\toks24
\SOUL@lasttoken=\toks25
\SOUL@cmds=\toks26
\SOUL@buffer=\toks27
\SOUL@token=\toks28
\SOUL@spaceskip=\skip54
\SOUL@ttwidth=\dimen130
\SOUL@uldp=\dimen131
\SOUL@ulht=\dimen132
)
(E:\latex\texmfs\install\tex\latex\threeparttable\threeparttable.sty
Package: threeparttable 2003/06/13  v 3.0
\@tempboxb=\box57
)
(E:\latex\texmfs\install\tex\latex\changepage\changepage.sty
Package: changepage 2009/10/20 v1.0c check page and change page layout
\c@cp@cntr=\count106
\cp@tempcnt=\count107
) (draft23.aux)
\openout1 = `draft23.aux'.

LaTeX Font Info:    Checking defaults for OML/cmm/m/it on input line 83.
LaTeX Font Info:    ... okay on input line 83.
LaTeX Font Info:    Checking defaults for T1/cmr/m/n on input line 83.
LaTeX Font Info:    ... okay on input line 83.
LaTeX Font Info:    Checking defaults for OT1/cmr/m/n on input line 83.
LaTeX Font Info:    ... okay on input line 83.
LaTeX Font Info:    Checking defaults for OMS/cmsy/m/n on input line 83.
LaTeX Font Info:    ... okay on input line 83.
LaTeX Font Info:    Checking defaults for OMX/cmex/m/n on input line 83.
LaTeX Font Info:    ... okay on input line 83.
LaTeX Font Info:    Checking defaults for U/cmr/m/n on input line 83.
LaTeX Font Info:    ... okay on input line 83.

(E:\latex\texmfs\install\tex\context\base\supp-pdf.mkii
[Loading MPS to PDF converter (version 2006.09.02).]
\scratchcounter=\count108
\scratchdimen=\dimen133
\scratchbox=\box58
\nofMPsegments=\count109
\nofMParguments=\count110
\everyMPshowfont=\toks29
\MPscratchCnt=\count111
\MPscratchDim=\dimen134
\MPnumerator=\count112
\makeMPintoPDFobject=\count113
\everyMPtoPDFconversion=\toks30
)
\AtBeginShipoutBox=\box59
 (E:\latex\texmfs\install\tex\latex\oberdiek\pdflscape.sty
Package: pdflscape 2016/05/14 v0.11 Display of landscape pages in PDF (HO)

(E:\latex\texmfs\install\tex\latex\graphics\lscape.sty
Package: lscape 2000/10/22 v3.01 Landscape Pages (DPC)
)
Package pdflscape Info: Auto-detected driver: pdftex on input line 81.

(E:\latex\texmfs\install\tex\generic\ifxetex\ifxetex.sty
Package: ifxetex 2010/09/12 v0.6 Provides ifxetex conditional
)) [1

{E:/latex/texmfs/data/pdftex/config/pdftex.map}]
LaTeX Font Info:    Try loading font information for U+msa on input line 131.

(E:\latex\texmfs\install\tex\latex\amsfonts\umsa.fd
File: umsa.fd 2013/01/14 v3.01 AMS symbols A
)
LaTeX Font Info:    Try loading font information for U+msb on input line 131.

(E:\latex\texmfs\install\tex\latex\amsfonts\umsb.fd
File: umsb.fd 2013/01/14 v3.01 AMS symbols B
)
LaTeX Font Info:    Try loading font information for U+rsfs on input line 131.

(E:\latex\texmfs\install\tex\latex\jknappen\ursfs.fd
File: ursfs.fd 1998/03/24 rsfs font definition file (jk)
)
Underfull \hbox (badness 1147) in paragraph at lines 131--132
[]\OT1/cmr/m/n/12 Extreme weather causes disasters $\OMS/cmsy/m/n/12 !$ \OT1/cm
r/m/n/12 early warning systems have been
 []

[2]

LaTeX Warning: Reference `vars' on page 3 undefined on input line 187.

[3]

LaTeX Warning: Citation 'bates2000mixed' on page 4 undefined on input line 194.



LaTeX Warning: Citation 'bates2010lme4' on page 4 undefined on input line 194.


LaTeX Warning: Citation 'KERYch9' on page 4 undefined on input line 194.


LaTeX Warning: Citation 'KERYch12' on page 4 undefined on input line 194.

[4]

LaTeX Warning: Reference `ARMA' on page 5 undefined on input line 224.


LaTeX Warning: Reference `ARMA' on page 5 undefined on input line 224.


LaTeX Warning: Citation 'Zuur2009' on page 5 undefined on input line 224.

[5]
Missing character: There is no â in font cmr12!
Missing character: There is no € in font cmr12!
Missing character: There is no ™ in font cmr12!


LaTeX Warning: Citation 'lmerTest' on page 6 undefined on input line 230.


LaTeX Warning: Citation 'lmerTest' on page 6 undefined on input line 230.

[6]

LaTeX Warning: Reference `ARMA' on page 7 undefined on input line 233.


LaTeX Warning: Reference `MainEst' on page 7 undefined on input line 239.


LaTeX Warning: Reference `MainEst' on page 7 undefined on input line 239.


LaTeX Warning: Reference `MainEst' on page 7 undefined on input line 239.

[7]

LaTeX Warning: Reference `MainEst' on page 8 undefined on input line 241.


LaTeX Warning: Reference `MarEff1' on page 8 undefined on input line 241.


LaTeX Warning: Reference `MarEff2' on page 8 undefined on input line 241.


LaTeX Warning: Reference `MarEff3' on page 8 undefined on input line 241.


LaTeX Warning: Reference `MarEff1' on page 8 undefined on input line 241.


LaTeX Warning: Reference `MarEff2' on page 8 undefined on input line 241.


LaTeX Warning: Reference `MarEff3' on page 8 undefined on input line 241.

[8]

LaTeX Warning: Reference `KenARe11_exponents' on page 9 undefined on input line
 243.

[9]

LaTeX Warning: Reference `MainEst' on page 10 undefined on input line 310.


LaTeX Warning: Reference `MarEff1' on page 10 undefined on input line 310.

[10]

LaTeX Warning: Reference `MainEst' on page 11 undefined on input line 314.


LaTeX Warning: Reference `MarEff2' on page 11 undefined on input line 314.


LaTeX Warning: Reference `MarEff3' on page 11 undefined on input line 314.


LaTeX Warning: Reference `MarEff3' on page 11 undefined on input line 317.


LaTeX Warning: Reference `MarEff3' on page 11 undefined on input line 317.


LaTeX Warning: Reference `MainEst' on page 11 undefined on input line 319.


LaTeX Warning: Reference `MainEst' on page 11 undefined on input line 322.


LaTeX Warning: Reference `MainEst' on page 11 undefined on input line 322.

[11] [12]

LaTeX Warning: Reference `MarEff1' on page 13 undefined on input line 327.


LaTeX Warning: Reference `MarEff1' on page 13 undefined on input line 327.


LaTeX Warning: Reference `MarEff1' on page 13 undefined on input line 327.


LaTeX Warning: Reference `MarEff1' on page 13 undefined on input line 327.


LaTeX Warning: Reference `MarEff1' on page 13 undefined on input line 327.


LaTeX Warning: Reference `MarEff2' on page 13 undefined on input line 327.


LaTeX Warning: Reference `MarEff3' on page 13 undefined on input line 327.

<Figure1a_1f.pdf, id=56, 505.89pt x 505.89pt>
File: Figure1a_1f.pdf Graphic file (type pdf)
 <use Figure1a_1f.pdf>
Package pdftex.def Info: Figure1a_1f.pdf used on input line 331.
(pdftex.def)             Requested size: 505.88875pt x 505.88875pt.

Overfull \hbox (59.48878pt too wide) in paragraph at lines 331--332
[][] 
 []


LaTeX Warning: Citation 'Nakagawa2013' on page 13 undefined on input line 337.


LaTeX Warning: Reference `R2' on page 13 undefined on input line 337.


LaTeX Warning: Reference `R2' on page 13 undefined on input line 337.

[13]
Underfull \vbox (badness 10000) has occurred while \output is active []

 [14 <./Figure1a_1f.pdf>]

LaTeX Warning: Citation 'Nakagawa2013' on page 15 undefined on input line 358.


Underfull \hbox (badness 7397) in paragraph at lines 358--359
\OT1/cmr/m/n/10 for gen-er-alised lin-ear mixed-effects
 []


Underfull \hbox (badness 10000) in paragraph at lines 358--359

 []

[15]

LaTeX Warning: Reference `CVdiv' on page 16 undefined on input line 385.


LaTeX Warning: Reference `CV' on page 16 undefined on input line 385.

[16]

LaTeX Warning: Reference `MainEst' on page 17 undefined on input line 410.


LaTeX Warning: Reference `CVdiv' on page 17 undefined on input line 419.


LaTeX Warning: Reference `CVdiv' on page 17 undefined on input line 419.

[17] [18

]
Underfull \hbox (badness 4416) in paragraph at lines 444--445
[]|\OT1/cmr/m/n/10 Bomet, Bungoma, Busia, Elgeyo Marakwet, Homa Bay,
 []


Overfull \hbox (4.39139pt too wide) in paragraph at lines 454--491
[] 
 []

[19

]
Underfull \hbox (badness 4634) in paragraph at lines 515--515
[]\OT1/cmr/bx/n/10 Table 3. |[]\OT1/cmr/m/n/10 Comparison of models with differ
ent error
 []

[20] [21] [22] <Figure2a_2f.pdf, id=99, 505.89pt x 505.89pt>
File: Figure2a_2f.pdf Graphic file (type pdf)

<use Figure2a_2f.pdf>
Package pdftex.def Info: Figure2a_2f.pdf used on input line 586.
(pdftex.def)             Requested size: 505.88875pt x 505.88875pt.

Overfull \hbox (59.48878pt too wide) in paragraph at lines 586--587
[][] 
 []


LaTeX Warning: Text page 23 contains only floats.

[23

 <./Figure2a_2f.pdf>] <Figure3a_3f.pdf, id=111, 505.89pt x 505.89pt>
File: Figure3a_3f.pdf Graphic file (type pdf)

<use Figure3a_3f.pdf>
Package pdftex.def Info: Figure3a_3f.pdf used on input line 591.
(pdftex.def)             Requested size: 505.88875pt x 505.88875pt.

Overfull \hbox (59.48878pt too wide) in paragraph at lines 591--592
[][] 
 []


LaTeX Warning: Text page 24 contains only floats.

[24 <./Figure3a_3f.pdf>]

LaTeX Warning: Reference `MainEst' on page 25 undefined on input line 618.

[25] (draft23.bbl
Missing character: There is no Ã in font cmr10!
Missing character: There is no © in font cmr10!
Missing character: There is no Ã in font cmr10!
Missing character: There is no © in font cmr10!
)

LaTeX Warning: Citation 'Baltagi91' on page 26 undefined on input line 637.


LaTeX Warning: Citation 'Baltagi95' on page 26 undefined on input line 638.


LaTeX Warning: Citation 'ASF' on page 26 undefined on input line 639.


LaTeX Warning: Citation 'Berkeley' on page 26 undefined on input line 640.


LaTeX Warning: Citation 'CHIRPS' on page 26 undefined on input line 641.


LaTeX Warning: Citation 'FEWSNET' on page 26 undefined on input line 642.

[26

] (draft23.aux)

LaTeX Warning: There were undefined references.


LaTeX Warning: Label(s) may have changed. Rerun to get cross-references right.

 )
(\end occurred inside a group at level 1)

### simple group (level 1) entered at line 495 ({)
### bottom level 
Here is how much of TeX's memory you used:
 4937 strings out of 495222
 64821 string characters out of 3182071
 152542 words of memory out of 3000000
 8082 multiletter control sequences out of 15000+200000
 17371 words of font info for 66 fonts, out of 3000000 for 9000
 14 hyphenation exceptions out of 8191
 42i,16n,35p,2341b,430s stack positions out of 5000i,500n,10000p,200000b,50000s
<E:/latex/texmfs/install/fonts/type1/public/amsfonts/cm/cmbx10.
pfb><E:/latex/texmfs/install/fonts/type1/public/amsfonts/cm/cmbx12.pfb><E:/late
x/texmfs/install/fonts/type1/public/amsfonts/cm/cmbx7.pfb><E:/latex/texmfs/inst
all/fonts/type1/public/amsfonts/cm/cmbxti10.pfb><E:/latex/texmfs/install/fonts/
type1/public/amsfonts/cm/cmmi10.pfb><E:/latex/texmfs/install/fonts/type1/public
/amsfonts/cm/cmmi12.pfb><E:/latex/texmfs/install/fonts/type1/public/amsfonts/cm
/cmmi7.pfb><E:/latex/texmfs/install/fonts/type1/public/amsfonts/cm/cmmi8.pfb><E
:/latex/texmfs/install/fonts/type1/public/amsfonts/cm/cmr10.pfb><E:/latex/texmf
s/install/fonts/type1/public/amsfonts/cm/cmr12.pfb><E:/latex/texmfs/install/fon
ts/type1/public/amsfonts/cm/cmr7.pfb><E:/latex/texmfs/install/fonts/type1/publi
c/amsfonts/cm/cmr8.pfb><E:/latex/texmfs/install/fonts/type1/public/amsfonts/cm/
cmsy10.pfb><E:/latex/texmfs/install/fonts/type1/public/amsfonts/cm/cmsy7.pfb><E
:/latex/texmfs/install/fonts/type1/public/amsfonts/cm/cmsy8.pfb><E:/latex/texmf
s/install/fonts/type1/public/amsfonts/cm/cmti10.pfb><E:/latex/texmfs/install/fo
nts/type1/public/amsfonts/cm/cmti12.pfb><E:/latex/texmfs/install/fonts/type1/pu
blic/amsfonts/cm/cmtt10.pfb><E:/latex/texmfs/install/fonts/type1/public/rsfs/rs
fs10.pfb>
Output written on draft23.pdf (26 pages, 313457 bytes).
PDF statistics:
 189 PDF objects out of 1000 (max. 8388607)
 0 named destinations out of 1000 (max. 500000)
 16 words of extra memory for PDF output out of 10000 (max. 10000000)

